0 info it worked if it ends with ok
1 verbose cli [ '/Users/vn0vid2/.nvm/versions/node/v7.7.2/bin/node',
1 verbose cli   '/Users/vn0vid2/.nvm/versions/node/v7.7.2/bin/npm',
1 verbose cli   'run',
1 verbose cli   'test' ]
2 info using npm@4.1.2
3 info using node@v7.7.2
4 verbose run-script [ 'pretest', 'test', 'posttest' ]
5 info lifecycle ohex_project@1.0.0~pretest: ohex_project@1.0.0
6 silly lifecycle ohex_project@1.0.0~pretest: no script for pretest, continuing
7 info lifecycle ohex_project@1.0.0~test: ohex_project@1.0.0
8 verbose lifecycle ohex_project@1.0.0~test: unsafe-perm in lifecycle true
9 verbose lifecycle ohex_project@1.0.0~test: PATH: /Users/vn0vid2/.nvm/versions/node/v7.7.2/lib/node_modules/npm/bin/node-gyp-bin:/Users/vn0vid2/workspace/react-router-ohex/node_modules/.bin:/Users/vn0vid2/.nvm/versions/node/v7.7.2/bin:/usr/local/bin:/usr/bin:/bin:/usr/sbin:/sbin:/Applications/Wireshark.app/Contents/MacOS:/Users/vn0vid2/bin:./node_modules/.bin:/Users/vn0vid2/.nexustools
10 verbose lifecycle ohex_project@1.0.0~test: CWD: /Users/vn0vid2/workspace/react-router-ohex
11 silly lifecycle ohex_project@1.0.0~test: Args: [ '-c', 'NODE_ENV=TEST node server.js' ]
12 silly lifecycle ohex_project@1.0.0~test: Returned: code: 1  signal: null
13 info lifecycle ohex_project@1.0.0~test: Failed to exec test script
14 verbose stack Error: ohex_project@1.0.0 test: `NODE_ENV=TEST node server.js`
14 verbose stack Exit status 1
14 verbose stack     at EventEmitter.<anonymous> (/Users/vn0vid2/.nvm/versions/node/v7.7.2/lib/node_modules/npm/lib/utils/lifecycle.js:279:16)
14 verbose stack     at emitTwo (events.js:106:13)
14 verbose stack     at EventEmitter.emit (events.js:194:7)
14 verbose stack     at ChildProcess.<anonymous> (/Users/vn0vid2/.nvm/versions/node/v7.7.2/lib/node_modules/npm/lib/utils/spawn.js:40:14)
14 verbose stack     at emitTwo (events.js:106:13)
14 verbose stack     at ChildProcess.emit (events.js:194:7)
14 verbose stack     at maybeClose (internal/child_process.js:899:16)
14 verbose stack     at Process.ChildProcess._handle.onexit (internal/child_process.js:226:5)
15 verbose pkgid ohex_project@1.0.0
16 verbose cwd /Users/vn0vid2/workspace/react-router-ohex
17 error Darwin 16.7.0
18 error argv "/Users/vn0vid2/.nvm/versions/node/v7.7.2/bin/node" "/Users/vn0vid2/.nvm/versions/node/v7.7.2/bin/npm" "run" "test"
19 error node v7.7.2
20 error npm  v4.1.2
21 error code ELIFECYCLE
22 error ohex_project@1.0.0 test: `NODE_ENV=TEST node server.js`
22 error Exit status 1
23 error Failed at the ohex_project@1.0.0 test script 'NODE_ENV=TEST node server.js'.
23 error Make sure you have the latest version of node.js and npm installed.
23 error If you do, this is most likely a problem with the ohex_project package,
23 error not with npm itself.
23 error Tell the author that this fails on your system:
23 error     NODE_ENV=TEST node server.js
23 error You can get information on how to open an issue for this project with:
23 error     npm bugs ohex_project
23 error Or if that isn't available, you can get their info via:
23 error     npm owner ls ohex_project
23 error There is likely additional logging output above.
24 verbose exit [ 1, true ]
